#
# A fatal error has been detected by the Java Runtime Environment:
#
#  Internal Error (javaClasses.cpp:124), pid=22880, tid=23524
#  fatal error: Invalid layout of preloaded class
#
# JRE version:  (8.0-b132) (build )
# Java VM: Java HotSpot(TM) 64-Bit Server VM (25.0-b70 mixed mode windows-amd64 compressed oops)
# Failed to write core dump. Minidumps are not enabled by default on client versions of Windows
#
# If you would like to submit a bug report, please visit:
#   http://bugreport.sun.com/bugreport/crash.jsp
#

---------------  T H R E A D  ---------------

Current thread (0x0000000001cee000):  JavaThread "Unknown thread" [_thread_in_vm, id=23524, stack(0x0000000002530000,0x0000000002630000)]

Stack: [0x0000000002530000,0x0000000002630000]
Native frames: (J=compiled Java code, j=interpreted, Vv=VM code, C=native code)
V  [jvm.dll+0x308e0a]
V  [jvm.dll+0x25df11]
V  [jvm.dll+0x25eb2f]
V  [jvm.dll+0x256486]
V  [jvm.dll+0x5d36c]
V  [jvm.dll+0x5d463]
V  [jvm.dll+0x71d5a]
V  [jvm.dll+0x720b8]
V  [jvm.dll+0xe1637]
V  [jvm.dll+0xe19c6]
V  [jvm.dll+0x1f1407]
V  [jvm.dll+0x2227e4]
V  [jvm.dll+0x149f91]
C  [javaw.exe+0x208a]
C  [javaw.exe+0xc9db]
C  [javaw.exe+0xca6f]
C  [kernel32.dll+0x159ed]
C  [ntdll.dll+0x2b831]


---------------  P R O C E S S  ---------------

Java Threads: ( => current thread )

Other Threads:

=>0x0000000001cee000 (exited) JavaThread "Unknown thread" [_thread_in_vm, id=23524, stack(0x0000000002530000,0x0000000002630000)]

VM state:not at safepoint (not fully initialized)

VM Mutex/Monitor currently owned by a thread: None

GC Heap History (0 events):
No events

Deoptimization events (0 events):
No events

Internal exceptions (0 events):
No events

Events (10 events):
Event: 0.012 loading class java/lang/CharSequence done
Event: 0.012 loading class java/lang/String done
Event: 0.012 loading class java/lang/Class
Event: 0.013 loading class java/lang/reflect/AnnotatedElement
Event: 0.013 loading class java/lang/reflect/AnnotatedElement done
Event: 0.013 loading class java/lang/reflect/GenericDeclaration
Event: 0.013 loading class java/lang/reflect/GenericDeclaration done
Event: 0.013 loading class java/lang/reflect/Type
Event: 0.013 loading class java/lang/reflect/Type done
Event: 0.013 loading class java/lang/Class done


Dynamic libraries:
0x000000013fbd0000 - 0x000000013fc04000 	D:\Program Files\Java\jre8\bin\javaw.exe
0x00000000770d0000 - 0x0000000077279000 	C:\Windows\SYSTEM32\ntdll.dll
0x0000000076c30000 - 0x0000000076d4f000 	C:\Windows\system32\kernel32.dll
0x000007fefd850000 - 0x000007fefd8bc000 	C:\Windows\system32\KERNELBASE.dll
0x000007feff1f0000 - 0x000007feff2cb000 	C:\Windows\system32\ADVAPI32.dll
0x000007fefdc70000 - 0x000007fefdd0f000 	C:\Windows\system32\msvcrt.dll
0x000007feff3b0000 - 0x000007feff3cf000 	C:\Windows\SYSTEM32\sechost.dll
0x000007fefdb10000 - 0x000007fefdc3d000 	C:\Windows\system32\RPCRT4.dll
0x00000000769d0000 - 0x0000000076aca000 	C:\Windows\system32\USER32.dll
0x000007fefdd10000 - 0x000007fefdd77000 	C:\Windows\system32\GDI32.dll
0x000007feff3d0000 - 0x000007feff3de000 	C:\Windows\system32\LPK.dll
0x000007fefde20000 - 0x000007fefdeea000 	C:\Windows\system32\USP10.dll
0x000007fefc0e0000 - 0x000007fefc2d4000 	C:\Windows\WinSxS\amd64_microsoft.windows.common-controls_6595b64144ccf1df_6.0.7601.18837_none_fa3b1e3d17594757\COMCTL32.dll
0x000007fefdf10000 - 0x000007fefdf81000 	C:\Windows\system32\SHLWAPI.dll
0x000007fefdc40000 - 0x000007fefdc6e000 	C:\Windows\system32\IMM32.DLL
0x000007feff040000 - 0x000007feff149000 	C:\Windows\system32\MSCTF.dll
0x0000000072d70000 - 0x0000000072e42000 	D:\Program Files\Java\jre8\bin\msvcr100.dll
0x000000006c610000 - 0x000000006ce3a000 	D:\Program Files\Java\jre8\bin\server\jvm.dll
0x000007fefc0d0000 - 0x000007fefc0d9000 	C:\Windows\system32\WSOCK32.dll
0x000007fefe070000 - 0x000007fefe0bd000 	C:\Windows\system32\WS2_32.dll
0x000007fefe0c0000 - 0x000007fefe0c8000 	C:\Windows\system32\NSI.dll
0x000007fef8b90000 - 0x000007fef8bcb000 	C:\Windows\system32\WINMM.dll
0x00000000772a0000 - 0x00000000772a7000 	C:\Windows\system32\PSAPI.DLL
0x0000000073010000 - 0x000000007301f000 	D:\Program Files\Java\jre8\bin\verify.dll
0x0000000072f00000 - 0x0000000072f28000 	D:\Program Files\Java\jre8\bin\java.dll
0x0000000072fb0000 - 0x0000000072fc6000 	D:\Program Files\Java\jre8\bin\zip.dll
0x000007fef2dc0000 - 0x000007fef2ee5000 	C:\Windows\system32\dbghelp.dll

VM Arguments:
jvm_args: -Dfile.encoding=UTF-8 -Xbootclasspath:D:\dxy_soft\android-sdk-windows-all\platforms\android-19\android.jar 
java_command: com.vending.machines.util.CheckSum
java_class_path (initial): E:\pro_from_github\mygitpros\KJFrame\libs\umeng-analytics-v5.5.3.jar;E:\pro_from_github\mygitpros\VendingMachines\libs\baidumapapi_util_v3_7_0.jar;E:\pro_from_github\mygitpros\VendingMachines\libs\locSDK_6.13.jar;E:\pro_from_github\mygitpros\KJFrame\libs\android-support-v4.jar;E:\pro_from_github\mygitpros\VendingMachines\libs\baidumapapi_map_v3_7_0.jar;E:\pro_from_github\mygitpros\VendingMachines\libs\baidumapapi_cloud_v3_7_0.jar;E:\pro_from_github\mygitpros\VendingMachines\libs\baidumapapi_radar_v3_7_0.jar;E:\pro_from_github\mygitpros\VendingMachines\libs\com.baidu.tts_2.2.1.20160122_b23aaf0_release.jar;E:\pro_from_github\mygitpros\VendingMachines\libs\baidumapapi_search_v3_7_0.jar;E:\pro_from_github\mygitpros\VendingMachines\libs\baidumapapi_base_v3_7_0.jar;E:\dxyworkspace\Zxingbar_lib\libs\core.jar;E:\pro_from_github\mygitpros\VendingMachines\libs\jpush-android-2.0.6.jar;E:\pro_from_github\mygitpros\VendingMachines\libs\galaxy-v2.0.jar;E:\dxyworkspace\Zxingbar_lib\bin\zxingbar_lib.jar;E:\pro_from_github\mygitpros\KJFrame\bin\myframe.jar;E:\pro_from_github\mygitpros\VendingMachines\bin\classes
Launcher Type: SUN_STANDARD

Environment Variables:
JAVA_HOME=D:\Program Files\Java\jdk1.8.0
CLASSPATH=.;D:\Program Files\Java\jdk1.8.0\lib\dt.jar;D:\Program Files\Java\jdk1.8.0\lib\tools.jar
PATH=C:\Windows\system32;C:\Windows;C:\Windows\System32\Wbem;C:\Windows\System32\WindowsPowerShell\v1.0\;C:\Program Files (x86)\ATI Technologies\ATI.ACE\Core-Static;D:\Program Files\Java\jdk1.8.0\bin;D:\Program Files\Java\jdk1.8.0\jre\bin;G:\BaiduYunDownload\android-sdk-windows-all\tools;C:\Users\Administrator\Desktop\common;D:\dxy_soft\android-sdk-windows-all\tools;
USERNAME=Administrator
OS=Windows_NT
PROCESSOR_IDENTIFIER=Intel64 Family 6 Model 37 Stepping 5, GenuineIntel



---------------  S Y S T E M  ---------------

OS: Windows 7 , 64 bit Build 7601 Service Pack 1

CPU:total 4 (2 cores per cpu, 2 threads per core) family 6 model 37 stepping 5, cmov, cx8, fxsr, mmx, sse, sse2, sse3, ssse3, sse4.1, sse4.2, popcnt, ht, tsc, tscinvbit

Memory: 4k page, physical 2019864k(300060k free), swap 4039728k(1187664k free)

vm_info: Java HotSpot(TM) 64-Bit Server VM (25.0-b70) for windows-amd64 JRE (1.8.0-b132), built on Mar  4 2014 03:46:18 by "java_re" with MS VC++ 10.0 (VS2010)

time: Sun Mar 06 23:25:55 2016
elapsed time: 0 seconds

